<?xml version="1.0" encoding="UTF-8"?>
<!-- Generated by org.testng.reporters.JUnitReportReporter -->
<testsuite skipped="0" hostname="LAPTOP-1GO1DFJH" name="seleniumTest.seleniumTesting" tests="1" failures="0" timestamp="16 Jul 2017 03:25:06 GMT" time="5.806" errors="0">
  <testcase name="m" time="5.806" classname="seleniumTest.seleniumTesting"/>
</testsuite> <!-- seleniumTest.seleniumTesting -->
