<?xml version="1.0" encoding="UTF-8"?>
<!-- Generated by org.testng.reporters.JUnitReportReporter -->
<testsuite skipped="0" hostname="LAPTOP-1GO1DFJH" name="suite.sanity.s103EnterPDPPage" tests="1" failures="0" timestamp="16 Jul 2017 17:28:49 GMT" time="19.637" errors="0">
  <testcase name="s103EnterPDPPageTest" time="19.637" classname="suite.sanity.s103EnterPDPPage"/>
</testsuite> <!-- suite.sanity.s103EnterPDPPage -->
